<?xml version="1.0" encoding="UTF-8"?>
<!-- Generated by org.testng.reporters.JUnitXMLReporter -->
<testsuite hostname="LAPTOP-6R21AUOG" name="Specific Methods Execution" tests="2" failures="0" timestamp="19 Oct 2020 02:22:30 GMT" time="14.313" errors="0">
  <testcase name="FbLoginTwo" time="3.364" classname="com.SampleMaven.FaceBookAuto.TestScripts.FBLogin"/>
  <testcase name="FbLoginThree" time="5.291" classname="com.SampleMaven.FaceBookAuto.TestScripts.FBLogin"/>
</testsuite> <!-- Specific Methods Execution -->
