<?xml version="1.0" encoding="UTF-8"?>
<!-- Generated by org.testng.reporters.JUnitXMLReporter -->
<testsuite hostname="LAPTOP-6R21AUOG" name="Specific Methods Execution with Include" tests="2" failures="0" timestamp="21 Oct 2020 00:06:32 GMT" time="14.517" errors="0">
  <testcase name="FbLoginOne" time="5.617" classname="com.SampleMaven.FaceBookAuto.TestScripts.FBLogin"/>
  <testcase name="FbLoginTwo" time="3.15" classname="com.SampleMaven.FaceBookAuto.TestScripts.FBLogin"/>
</testsuite> <!-- Specific Methods Execution with Include -->
