<?xml version="1.0" encoding="UTF-8"?>
<!-- Generated by org.testng.reporters.JUnitXMLReporter -->
<testsuite hostname="LAPTOP-6R21AUOG" name="Default test" tests="2" failures="0" timestamp="19 Oct 2020 02:39:47 GMT" time="20.813" errors="0">
  <testcase name="myFBRegistrationOne" time="8.118" classname="com.SampleMaven.FaceBookAuto.TestScripts.FBReg"/>
  <testcase name="myFBRegistrationTwo" time="7.023" classname="com.SampleMaven.FaceBookAuto.TestScripts.FBReg"/>
</testsuite> <!-- Default test -->
